<?xml version="1.0" encoding="UTF-8"?>
<testsuite xmlns:xsi="http://www.w3.org/2001/XMLSchema-instance" xsi:noNamespaceSchemaLocation="https://maven.apache.org/surefire/maven-surefire-plugin/xsd/surefire-test-report-3.0.xsd" version="3.0" name="com.indus.training.Annotations1ApplicationTests" time="0.059" tests="1" errors="0" skipped="0" failures="0">
  <properties>
    <property name="java.specification.version" value="17"/>
    <property name="sun.jnu.encoding" value="UTF-8"/>
    <property name="java.class.path" value="/Users/maheshgande/Desktop/IndusTraining/Indus.Training.Annotations1/target/test-classes:/Users/maheshgande/Desktop/IndusTraining/Indus.Training.Annotations1/target/classes:/Users/maheshgande/.m2/repository/org/springframework/boot/spring-boot-starter/3.1.0/spring-boot-starter-3.1.0.jar:/Users/maheshgande/.m2/repository/org/springframework/boot/spring-boot/3.1.0/spring-boot-3.1.0.jar:/Users/maheshgande/.m2/repository/org/springframework/spring-context/6.0.9/spring-context-6.0.9.jar:/Users/maheshgande/.m2/repository/org/springframework/spring-aop/6.0.9/spring-aop-6.0.9.jar:/Users/maheshgande/.m2/repository/org/springframework/spring-beans/6.0.9/spring-beans-6.0.9.jar:/Users/maheshgande/.m2/repository/org/springframework/spring-expression/6.0.9/spring-expression-6.0.9.jar:/Users/maheshgande/.m2/repository/org/springframework/boot/spring-boot-autoconfigure/3.1.0/spring-boot-autoconfigure-3.1.0.jar:/Users/maheshgande/.m2/repository/org/springframework/boot/spring-boot-starter-logging/3.1.0/spring-boot-starter-logging-3.1.0.jar:/Users/maheshgande/.m2/repository/ch/qos/logback/logback-classic/1.4.7/logback-classic-1.4.7.jar:/Users/maheshgande/.m2/repository/ch/qos/logback/logback-core/1.4.7/logback-core-1.4.7.jar:/Users/maheshgande/.m2/repository/org/apache/logging/log4j/log4j-to-slf4j/2.20.0/log4j-to-slf4j-2.20.0.jar:/Users/maheshgande/.m2/repository/org/apache/logging/log4j/log4j-api/2.20.0/log4j-api-2.20.0.jar:/Users/maheshgande/.m2/repository/org/slf4j/jul-to-slf4j/2.0.7/jul-to-slf4j-2.0.7.jar:/Users/maheshgande/.m2/repository/jakarta/annotation/jakarta.annotation-api/2.1.1/jakarta.annotation-api-2.1.1.jar:/Users/maheshgande/.m2/repository/org/springframework/spring-core/6.0.9/spring-core-6.0.9.jar:/Users/maheshgande/.m2/repository/org/springframework/spring-jcl/6.0.9/spring-jcl-6.0.9.jar:/Users/maheshgande/.m2/repository/org/yaml/snakeyaml/1.33/snakeyaml-1.33.jar:/Users/maheshgande/.m2/repository/org/springframework/boot/spring-boot-configuration-processor/3.1.0/spring-boot-configuration-processor-3.1.0.jar:/Users/maheshgande/.m2/repository/org/springframework/boot/spring-boot-starter-test/3.1.0/spring-boot-starter-test-3.1.0.jar:/Users/maheshgande/.m2/repository/org/springframework/boot/spring-boot-test/3.1.0/spring-boot-test-3.1.0.jar:/Users/maheshgande/.m2/repository/org/springframework/boot/spring-boot-test-autoconfigure/3.1.0/spring-boot-test-autoconfigure-3.1.0.jar:/Users/maheshgande/.m2/repository/com/jayway/jsonpath/json-path/2.8.0/json-path-2.8.0.jar:/Users/maheshgande/.m2/repository/org/slf4j/slf4j-api/2.0.7/slf4j-api-2.0.7.jar:/Users/maheshgande/.m2/repository/jakarta/xml/bind/jakarta.xml.bind-api/4.0.0/jakarta.xml.bind-api-4.0.0.jar:/Users/maheshgande/.m2/repository/jakarta/activation/jakarta.activation-api/2.1.2/jakarta.activation-api-2.1.2.jar:/Users/maheshgande/.m2/repository/net/minidev/json-smart/2.4.10/json-smart-2.4.10.jar:/Users/maheshgande/.m2/repository/net/minidev/accessors-smart/2.4.9/accessors-smart-2.4.9.jar:/Users/maheshgande/.m2/repository/org/ow2/asm/asm/9.3/asm-9.3.jar:/Users/maheshgande/.m2/repository/org/assertj/assertj-core/3.24.2/assertj-core-3.24.2.jar:/Users/maheshgande/.m2/repository/net/bytebuddy/byte-buddy/1.14.4/byte-buddy-1.14.4.jar:/Users/maheshgande/.m2/repository/org/hamcrest/hamcrest/2.2/hamcrest-2.2.jar:/Users/maheshgande/.m2/repository/org/junit/jupiter/junit-jupiter/5.9.3/junit-jupiter-5.9.3.jar:/Users/maheshgande/.m2/repository/org/junit/jupiter/junit-jupiter-api/5.9.3/junit-jupiter-api-5.9.3.jar:/Users/maheshgande/.m2/repository/org/opentest4j/opentest4j/1.2.0/opentest4j-1.2.0.jar:/Users/maheshgande/.m2/repository/org/junit/platform/junit-platform-commons/1.9.3/junit-platform-commons-1.9.3.jar:/Users/maheshgande/.m2/repository/org/apiguardian/apiguardian-api/1.1.2/apiguardian-api-1.1.2.jar:/Users/maheshgande/.m2/repository/org/junit/jupiter/junit-jupiter-params/5.9.3/junit-jupiter-params-5.9.3.jar:/Users/maheshgande/.m2/repository/org/junit/jupiter/junit-jupiter-engine/5.9.3/junit-jupiter-engine-5.9.3.jar:/Users/maheshgande/.m2/repository/org/junit/platform/junit-platform-engine/1.9.3/junit-platform-engine-1.9.3.jar:/Users/maheshgande/.m2/repository/org/mockito/mockito-core/5.3.1/mockito-core-5.3.1.jar:/Users/maheshgande/.m2/repository/net/bytebuddy/byte-buddy-agent/1.14.4/byte-buddy-agent-1.14.4.jar:/Users/maheshgande/.m2/repository/org/objenesis/objenesis/3.3/objenesis-3.3.jar:/Users/maheshgande/.m2/repository/org/mockito/mockito-junit-jupiter/5.3.1/mockito-junit-jupiter-5.3.1.jar:/Users/maheshgande/.m2/repository/org/skyscreamer/jsonassert/1.5.1/jsonassert-1.5.1.jar:/Users/maheshgande/.m2/repository/com/vaadin/external/google/android-json/0.0.20131108.vaadin1/android-json-0.0.20131108.vaadin1.jar:/Users/maheshgande/.m2/repository/org/springframework/spring-test/6.0.9/spring-test-6.0.9.jar:/Users/maheshgande/.m2/repository/org/xmlunit/xmlunit-core/2.9.1/xmlunit-core-2.9.1.jar:/Users/maheshgande/.m2/repository/junit/junit/3.8.1/junit-3.8.1.jar:"/>
    <property name="java.vm.vendor" value="Oracle Corporation"/>
    <property name="sun.arch.data.model" value="64"/>
    <property name="java.vendor.url" value="https://java.oracle.com/"/>
    <property name="user.timezone" value="America/New_York"/>
    <property name="os.name" value="Mac OS X"/>
    <property name="java.vm.specification.version" value="17"/>
    <property name="sun.java.launcher" value="SUN_STANDARD"/>
    <property name="user.country" value="US"/>
    <property name="sun.boot.library.path" value="/Library/Java/JavaVirtualMachines/jdk-17.0.2.jdk/Contents/Home/lib"/>
    <property name="sun.java.command" value="/Users/maheshgande/Desktop/IndusTraining/Indus.Training.Annotations1/target/surefire/surefirebooter-20230611173737385_3.jar /Users/maheshgande/Desktop/IndusTraining/Indus.Training.Annotations1/target/surefire 2023-06-11T17-37-37_258-jvmRun1 surefire-20230611173737385_1tmp surefire_0-20230611173737385_2tmp"/>
    <property name="http.nonProxyHosts" value="local|*.local|169.254/16|*.169.254/16"/>
    <property name="jdk.debug" value="release"/>
    <property name="surefire.test.class.path" value="/Users/maheshgande/Desktop/IndusTraining/Indus.Training.Annotations1/target/test-classes:/Users/maheshgande/Desktop/IndusTraining/Indus.Training.Annotations1/target/classes:/Users/maheshgande/.m2/repository/org/springframework/boot/spring-boot-starter/3.1.0/spring-boot-starter-3.1.0.jar:/Users/maheshgande/.m2/repository/org/springframework/boot/spring-boot/3.1.0/spring-boot-3.1.0.jar:/Users/maheshgande/.m2/repository/org/springframework/spring-context/6.0.9/spring-context-6.0.9.jar:/Users/maheshgande/.m2/repository/org/springframework/spring-aop/6.0.9/spring-aop-6.0.9.jar:/Users/maheshgande/.m2/repository/org/springframework/spring-beans/6.0.9/spring-beans-6.0.9.jar:/Users/maheshgande/.m2/repository/org/springframework/spring-expression/6.0.9/spring-expression-6.0.9.jar:/Users/maheshgande/.m2/repository/org/springframework/boot/spring-boot-autoconfigure/3.1.0/spring-boot-autoconfigure-3.1.0.jar:/Users/maheshgande/.m2/repository/org/springframework/boot/spring-boot-starter-logging/3.1.0/spring-boot-starter-logging-3.1.0.jar:/Users/maheshgande/.m2/repository/ch/qos/logback/logback-classic/1.4.7/logback-classic-1.4.7.jar:/Users/maheshgande/.m2/repository/ch/qos/logback/logback-core/1.4.7/logback-core-1.4.7.jar:/Users/maheshgande/.m2/repository/org/apache/logging/log4j/log4j-to-slf4j/2.20.0/log4j-to-slf4j-2.20.0.jar:/Users/maheshgande/.m2/repository/org/apache/logging/log4j/log4j-api/2.20.0/log4j-api-2.20.0.jar:/Users/maheshgande/.m2/repository/org/slf4j/jul-to-slf4j/2.0.7/jul-to-slf4j-2.0.7.jar:/Users/maheshgande/.m2/repository/jakarta/annotation/jakarta.annotation-api/2.1.1/jakarta.annotation-api-2.1.1.jar:/Users/maheshgande/.m2/repository/org/springframework/spring-core/6.0.9/spring-core-6.0.9.jar:/Users/maheshgande/.m2/repository/org/springframework/spring-jcl/6.0.9/spring-jcl-6.0.9.jar:/Users/maheshgande/.m2/repository/org/yaml/snakeyaml/1.33/snakeyaml-1.33.jar:/Users/maheshgande/.m2/repository/org/springframework/boot/spring-boot-configuration-processor/3.1.0/spring-boot-configuration-processor-3.1.0.jar:/Users/maheshgande/.m2/repository/org/springframework/boot/spring-boot-starter-test/3.1.0/spring-boot-starter-test-3.1.0.jar:/Users/maheshgande/.m2/repository/org/springframework/boot/spring-boot-test/3.1.0/spring-boot-test-3.1.0.jar:/Users/maheshgande/.m2/repository/org/springframework/boot/spring-boot-test-autoconfigure/3.1.0/spring-boot-test-autoconfigure-3.1.0.jar:/Users/maheshgande/.m2/repository/com/jayway/jsonpath/json-path/2.8.0/json-path-2.8.0.jar:/Users/maheshgande/.m2/repository/org/slf4j/slf4j-api/2.0.7/slf4j-api-2.0.7.jar:/Users/maheshgande/.m2/repository/jakarta/xml/bind/jakarta.xml.bind-api/4.0.0/jakarta.xml.bind-api-4.0.0.jar:/Users/maheshgande/.m2/repository/jakarta/activation/jakarta.activation-api/2.1.2/jakarta.activation-api-2.1.2.jar:/Users/maheshgande/.m2/repository/net/minidev/json-smart/2.4.10/json-smart-2.4.10.jar:/Users/maheshgande/.m2/repository/net/minidev/accessors-smart/2.4.9/accessors-smart-2.4.9.jar:/Users/maheshgande/.m2/repository/org/ow2/asm/asm/9.3/asm-9.3.jar:/Users/maheshgande/.m2/repository/org/assertj/assertj-core/3.24.2/assertj-core-3.24.2.jar:/Users/maheshgande/.m2/repository/net/bytebuddy/byte-buddy/1.14.4/byte-buddy-1.14.4.jar:/Users/maheshgande/.m2/repository/org/hamcrest/hamcrest/2.2/hamcrest-2.2.jar:/Users/maheshgande/.m2/repository/org/junit/jupiter/junit-jupiter/5.9.3/junit-jupiter-5.9.3.jar:/Users/maheshgande/.m2/repository/org/junit/jupiter/junit-jupiter-api/5.9.3/junit-jupiter-api-5.9.3.jar:/Users/maheshgande/.m2/repository/org/opentest4j/opentest4j/1.2.0/opentest4j-1.2.0.jar:/Users/maheshgande/.m2/repository/org/junit/platform/junit-platform-commons/1.9.3/junit-platform-commons-1.9.3.jar:/Users/maheshgande/.m2/repository/org/apiguardian/apiguardian-api/1.1.2/apiguardian-api-1.1.2.jar:/Users/maheshgande/.m2/repository/org/junit/jupiter/junit-jupiter-params/5.9.3/junit-jupiter-params-5.9.3.jar:/Users/maheshgande/.m2/repository/org/junit/jupiter/junit-jupiter-engine/5.9.3/junit-jupiter-engine-5.9.3.jar:/Users/maheshgande/.m2/repository/org/junit/platform/junit-platform-engine/1.9.3/junit-platform-engine-1.9.3.jar:/Users/maheshgande/.m2/repository/org/mockito/mockito-core/5.3.1/mockito-core-5.3.1.jar:/Users/maheshgande/.m2/repository/net/bytebuddy/byte-buddy-agent/1.14.4/byte-buddy-agent-1.14.4.jar:/Users/maheshgande/.m2/repository/org/objenesis/objenesis/3.3/objenesis-3.3.jar:/Users/maheshgande/.m2/repository/org/mockito/mockito-junit-jupiter/5.3.1/mockito-junit-jupiter-5.3.1.jar:/Users/maheshgande/.m2/repository/org/skyscreamer/jsonassert/1.5.1/jsonassert-1.5.1.jar:/Users/maheshgande/.m2/repository/com/vaadin/external/google/android-json/0.0.20131108.vaadin1/android-json-0.0.20131108.vaadin1.jar:/Users/maheshgande/.m2/repository/org/springframework/spring-test/6.0.9/spring-test-6.0.9.jar:/Users/maheshgande/.m2/repository/org/xmlunit/xmlunit-core/2.9.1/xmlunit-core-2.9.1.jar:/Users/maheshgande/.m2/repository/junit/junit/3.8.1/junit-3.8.1.jar:"/>
    <property name="sun.cpu.endian" value="little"/>
    <property name="user.home" value="/Users/maheshgande"/>
    <property name="user.language" value="en"/>
    <property name="java.specification.vendor" value="Oracle Corporation"/>
    <property name="java.version.date" value="2022-01-18"/>
    <property name="java.home" value="/Library/Java/JavaVirtualMachines/jdk-17.0.2.jdk/Contents/Home"/>
    <property name="file.separator" value="/"/>
    <property name="style.color" value="always"/>
    <property name="basedir" value="/Users/maheshgande/Desktop/IndusTraining/Indus.Training.Annotations1"/>
    <property name="java.vm.compressedOopsMode" value="Zero based"/>
    <property name="line.separator" value="&#10;"/>
    <property name="java.vm.specification.vendor" value="Oracle Corporation"/>
    <property name="java.specification.name" value="Java Platform API Specification"/>
    <property name="FILE_LOG_CHARSET" value="UTF-8"/>
    <property name="java.awt.headless" value="true"/>
    <property name="surefire.real.class.path" value="/Users/maheshgande/Desktop/IndusTraining/Indus.Training.Annotations1/target/surefire/surefirebooter-20230611173737385_3.jar"/>
    <property name="sun.management.compiler" value="HotSpot 64-Bit Tiered Compilers"/>
    <property name="ftp.nonProxyHosts" value="local|*.local|169.254/16|*.169.254/16"/>
    <property name="java.runtime.version" value="17.0.2+8-LTS-86"/>
    <property name="user.name" value="maheshgande"/>
    <property name="path.separator" value=":"/>
    <property name="os.version" value="13.4"/>
    <property name="java.runtime.name" value="Java(TM) SE Runtime Environment"/>
    <property name="file.encoding" value="UTF-8"/>
    <property name="java.vm.name" value="Java HotSpot(TM) 64-Bit Server VM"/>
    <property name="localRepository" value="/Users/maheshgande/.m2/repository"/>
    <property name="java.vendor.url.bug" value="https://bugreport.java.com/bugreport/"/>
    <property name="java.io.tmpdir" value="/var/folders/cl/dqzsz1b54dl26lks2ppdw2580000gn/T/"/>
    <property name="java.version" value="17.0.2"/>
    <property name="user.dir" value="/Users/maheshgande/Desktop/IndusTraining/Indus.Training.Annotations1"/>
    <property name="os.arch" value="x86_64"/>
    <property name="java.vm.specification.name" value="Java Virtual Machine Specification"/>
    <property name="PID" value="48468"/>
    <property name="CONSOLE_LOG_CHARSET" value="UTF-8"/>
    <property name="native.encoding" value="UTF-8"/>
    <property name="java.library.path" value="/Users/maheshgande/Library/Java/Extensions:/Library/Java/Extensions:/Network/Library/Java/Extensions:/System/Library/Java/Extensions:/usr/lib/java:."/>
    <property name="java.vm.info" value="mixed mode, sharing"/>
    <property name="java.vendor" value="Oracle Corporation"/>
    <property name="java.vm.version" value="17.0.2+8-LTS-86"/>
    <property name="sun.io.unicode.encoding" value="UnicodeBig"/>
    <property name="socksNonProxyHosts" value="local|*.local|169.254/16|*.169.254/16"/>
    <property name="java.class.version" value="61.0"/>
  </properties>
  <testcase name="contextLoads" classname="com.indus.training.Annotations1ApplicationTests" time="0.009">
    <system-out><![CDATA[2023-06-11T17:37:40.852-04:00  INFO 48468 --- [           main] t.c.s.AnnotationConfigContextLoaderUtils : Could not detect default configuration classes for test class [com.indus.training.Annotations1ApplicationTests]: Annotations1ApplicationTests does not declare any static, non-private, non-final, nested classes annotated with @Configuration.
2023-06-11T17:37:40.873-04:00  INFO 48468 --- [           main] .b.t.c.SpringBootTestContextBootstrapper : Found @SpringBootConfiguration com.indus.training.Annotations1Application for test class com.indus.training.Annotations1ApplicationTests
]]></system-out>
  </testcase>
</testsuite>